<?xml version="1.0" encoding="UTF-8"?>
<!-- Generated by org.testng.reporters.JUnitReportReporter -->
<testsuite hostname="DESKTOP-2G50FIL" failures="0" tests="2" name="testCases.GoogleSearchTestPage" time="64.451" errors="0" timestamp="2024-03-19T12:27:17 IST" skipped="0">
  <testcase classname="testCases.GoogleSearchTestPage" name="TestCase1" time="27.712"/>
  <testcase classname="testCases.GoogleSearchTestPage" name="TestCase1" time="36.739"/>
</testsuite> <!-- testCases.GoogleSearchTestPage -->
