<?xml version="1.0" encoding="UTF-8"?>
<!-- Generated by org.testng.reporters.JUnitReportReporter -->
<testsuite hostname="DESKTOP-2G50FIL" failures="0" tests="1" name="runners.UserAuthTest" time="76.318" errors="0" timestamp="2024-03-22T09:15:14 IST" skipped="0">
  <testcase classname="runners.UserAuthTest" name="runScenario" time="76.318"/>
</testsuite> <!-- runners.UserAuthTest -->
